<?xml version="1.0" encoding="utf-8"?><testsuites name="pytest tests"><testsuite name="pytest" errors="0" failures="0" skipped="0" tests="14" time="4.074" timestamp="2026-09-15T07:48:23.348705+00:00" hostname="agent-env-373da2f8-7703-4871-b909-dc9d91b20c79"><testcase classname="tests.backend_test" name="test_login_success" time="0.326" /><testcase classname="tests.backend_test" name="test_login_wrong" time="0.262" /><testcase classname="tests.backend_test" name="test_me_without_token" time="0.070" /><testcase classname="tests.backend_test" name="test_me_with_token" time="0.289" /><testcase classname="tests.backend_test" name="test_dashboard" time="0.036" /><testcase classname="tests.backend_test" name="test_list_projects" time="0.033" /><testcase classname="tests.backend_test" name="test_project_crud_and_status_change" time="0.258" /><testcase classname="tests.backend_test" name="test_task_lifecycle_kanban" time="0.313" /><testcase classname="tests.backend_test" name="test_team_crud" time="0.214" /><testcase classname="tests.backend_test" name="test_comments" time="0.186" /><testcase classname="tests.backend_test" name="test_files_upload_download_delete" time="0.794" /><testcase classname="tests.backend_test" name="test_notifications" time="0.138" /><testcase classname="tests.backend_test" name="test_settings_and_slack" time="0.544" /><testcase classname="tests.backend_test" name="test_reports_summary" time="0.032" /></testsuite></testsuites>